13:48:08.700 [background-preinit] INFO  o.h.validator.internal.util.Version - HV000001: Hibernate Validator 8.0.0.Final
13:48:08.780 [main] INFO  t.m.c.CardManagmentApplication - Starting CardManagmentApplication using Java 18.0.2.1 with PID 7880 (C:\Users\Hamza MELKI\Desktop\CardManagmentversion final\backend\versionfinalback\target\classes started by Hamza MELKI in C:\Users\Hamza MELKI\Desktop\CardManagmentversion final\backend\versionfinalback)
13:48:08.781 [main] INFO  t.m.c.CardManagmentApplication - No active profile set, falling back to 1 default profile: "default"
13:48:10.187 [main] INFO  o.s.d.r.c.RepositoryConfigurationDelegate - Bootstrapping Spring Data JPA repositories in DEFAULT mode.
13:48:10.413 [main] INFO  o.s.d.r.c.RepositoryConfigurationDelegate - Finished Spring Data repository scanning in 215 ms. Found 19 JPA repository interfaces.
13:48:11.351 [main] INFO  o.s.b.w.e.tomcat.TomcatWebServer - Tomcat initialized with port(s): 8084 (http)
13:48:11.361 [main] INFO  o.a.coyote.http11.Http11NioProtocol - Initializing ProtocolHandler ["http-nio-8084"]
13:48:11.363 [main] INFO  o.a.catalina.core.StandardService - Starting service [Tomcat]
13:48:11.364 [main] INFO  o.a.catalina.core.StandardEngine - Starting Servlet engine: [Apache Tomcat/10.1.10]
13:48:11.495 [main] INFO  o.a.c.c.C.[Tomcat].[localhost].[/] - Initializing Spring embedded WebApplicationContext
13:48:11.495 [main] INFO  o.s.b.w.s.c.ServletWebServerApplicationContext - Root WebApplicationContext: initialization completed in 2627 ms
13:48:11.680 [main] INFO  o.h.jpa.internal.util.LogHelper - HHH000204: Processing PersistenceUnitInfo [name: default]
13:48:11.771 [main] INFO  org.hibernate.Version - HHH000412: Hibernate ORM core version 6.2.5.Final
13:48:11.775 [main] INFO  org.hibernate.cfg.Environment - HHH000406: Using bytecode reflection optimizer
13:48:12.001 [main] INFO  o.h.b.i.BytecodeProviderInitiator - HHH000021: Bytecode provider name : bytebuddy
13:48:12.182 [main] INFO  o.s.o.j.p.SpringPersistenceUnitInfo - No LoadTimeWeaver setup: ignoring JPA class transformer
13:48:12.207 [main] INFO  com.zaxxer.hikari.HikariDataSource - HikariPool-1 - Starting...
13:48:12.619 [main] INFO  com.zaxxer.hikari.pool.HikariPool - HikariPool-1 - Added connection com.mysql.cj.jdbc.ConnectionImpl@543b0737
13:48:12.622 [main] INFO  com.zaxxer.hikari.HikariDataSource - HikariPool-1 - Start completed.
13:48:12.667 [main] WARN  org.hibernate.orm.deprecation - HHH90000026: MySQL8Dialect has been deprecated; use org.hibernate.dialect.MySQLDialect instead
13:48:13.153 [main] INFO  o.h.id.enhanced.TableGenerator - HHH000398: Explicit segment value for id generator [hibernate_sequences.sequence_name] suggested; using default [default]
13:48:13.161 [main] INFO  o.h.id.enhanced.TableGenerator - HHH000398: Explicit segment value for id generator [hibernate_sequences.sequence_name] suggested; using default [default]
13:48:13.161 [main] INFO  o.h.id.enhanced.TableGenerator - HHH000398: Explicit segment value for id generator [hibernate_sequences.sequence_name] suggested; using default [default]
13:48:13.188 [main] INFO  o.h.b.i.BytecodeProviderInitiator - HHH000021: Bytecode provider name : bytebuddy
13:48:14.696 [main] INFO  o.h.e.t.j.p.i.JtaPlatformInitiator - HHH000490: Using JtaPlatform implementation: [org.hibernate.engine.transaction.jta.platform.internal.NoJtaPlatform]
13:48:15.836 [main] INFO  o.s.o.j.LocalContainerEntityManagerFactoryBean - Initialized JPA EntityManagerFactory for persistence unit 'default'
13:48:17.054 [main] INFO  o.s.d.j.r.query.QueryEnhancerFactory - Hibernate is in classpath; If applicable, HQL parser will be used.
13:48:18.143 [main] WARN  o.s.b.a.o.j.JpaBaseConfiguration$JpaWebConfiguration - spring.jpa.open-in-view is enabled by default. Therefore, database queries may be performed during view rendering. Explicitly configure spring.jpa.open-in-view to disable this warning
13:48:18.576 [main] INFO  o.s.s.web.DefaultSecurityFilterChain - Will secure any request with [org.springframework.security.web.session.DisableEncodeUrlFilter@308bd473, org.springframework.security.web.context.request.async.WebAsyncManagerIntegrationFilter@7d0ae3d1, org.springframework.security.web.context.SecurityContextHolderFilter@4b76a0f4, org.springframework.security.web.header.HeaderWriterFilter@5a7e2f07, org.springframework.web.filter.CorsFilter@2114955c, org.springframework.security.web.authentication.logout.LogoutFilter@68a1906f, tn.monetique.cardmanagment.security.jwt.AuthTokenFilter@21e32876, org.springframework.security.web.savedrequest.RequestCacheAwareFilter@65314e4, org.springframework.security.web.servletapi.SecurityContextHolderAwareRequestFilter@a93c88a, org.springframework.security.web.authentication.AnonymousAuthenticationFilter@1362f4, org.springframework.security.web.session.SessionManagementFilter@467924d8, org.springframework.security.web.access.ExceptionTranslationFilter@71fa6aa7, org.springframework.security.web.access.intercept.FilterSecurityInterceptor@79a68d4e]
13:48:18.867 [main] INFO  org.quartz.impl.StdSchedulerFactory - Using default implementation for ThreadExecutor
13:48:18.890 [main] INFO  o.quartz.core.SchedulerSignalerImpl - Initialized Scheduler Signaller of type: class org.quartz.core.SchedulerSignalerImpl
13:48:18.890 [main] INFO  org.quartz.core.QuartzScheduler - Quartz Scheduler v.2.3.2 created.
13:48:18.891 [main] INFO  org.quartz.simpl.RAMJobStore - RAMJobStore initialized.
13:48:18.891 [main] INFO  org.quartz.core.QuartzScheduler - Scheduler meta-data: Quartz Scheduler (v2.3.2) 'quartzScheduler' with instanceId 'NON_CLUSTERED'
  Scheduler class: 'org.quartz.core.QuartzScheduler' - running locally.
  NOT STARTED.
  Currently in standby mode.
  Number of jobs executed: 0
  Using thread pool 'org.quartz.simpl.SimpleThreadPool' - with 10 threads.
  Using job-store 'org.quartz.simpl.RAMJobStore' - which does not support persistence. and is not clustered.

13:48:18.891 [main] INFO  org.quartz.impl.StdSchedulerFactory - Quartz scheduler 'quartzScheduler' initialized from an externally provided properties instance.
13:48:18.892 [main] INFO  org.quartz.impl.StdSchedulerFactory - Quartz scheduler version: 2.3.2
13:48:18.892 [main] INFO  org.quartz.core.QuartzScheduler - JobFactory set to: org.springframework.scheduling.quartz.SpringBeanJobFactory@497746ea
13:48:18.958 [main] INFO  o.a.coyote.http11.Http11NioProtocol - Starting ProtocolHandler ["http-nio-8084"]
13:48:18.984 [main] INFO  o.s.b.w.e.tomcat.TomcatWebServer - Tomcat started on port(s): 8084 (http) with context path ''
13:48:18.985 [main] INFO  o.s.s.quartz.SchedulerFactoryBean - Starting Quartz Scheduler now
13:48:18.985 [main] INFO  org.quartz.core.QuartzScheduler - Scheduler quartzScheduler_$_NON_CLUSTERED started.
13:48:18.998 [main] INFO  t.m.c.CardManagmentApplication - Started CardManagmentApplication in 10.849 seconds (process running for 12.254)
13:48:57.871 [SpringApplicationShutdownHook] INFO  org.quartz.core.QuartzScheduler - Scheduler quartzScheduler_$_NON_CLUSTERED paused.
13:48:57.894 [SpringApplicationShutdownHook] INFO  o.s.s.quartz.SchedulerFactoryBean - Shutting down Quartz Scheduler
13:48:57.894 [SpringApplicationShutdownHook] INFO  org.quartz.core.QuartzScheduler - Scheduler quartzScheduler_$_NON_CLUSTERED shutting down.
13:48:57.894 [SpringApplicationShutdownHook] INFO  org.quartz.core.QuartzScheduler - Scheduler quartzScheduler_$_NON_CLUSTERED paused.
13:48:57.894 [SpringApplicationShutdownHook] INFO  org.quartz.core.QuartzScheduler - Scheduler quartzScheduler_$_NON_CLUSTERED shutdown complete.
13:48:57.898 [SpringApplicationShutdownHook] INFO  o.s.o.j.LocalContainerEntityManagerFactoryBean - Closing JPA EntityManagerFactory for persistence unit 'default'
13:48:57.901 [SpringApplicationShutdownHook] INFO  com.zaxxer.hikari.HikariDataSource - HikariPool-1 - Shutdown initiated...
13:48:57.911 [SpringApplicationShutdownHook] INFO  com.zaxxer.hikari.HikariDataSource - HikariPool-1 - Shutdown completed.
